<?xml version="1.0" encoding="UTF-8"?>
<testng-results ignored="0" total="1" passed="1" failed="0" skipped="0">
  <reporter-output>
  </reporter-output>
  <suite started-at="2019-08-23T06:24:12Z" name="Default suite" finished-at="2019-08-23T06:24:17Z" duration-ms="5454">
    <groups>
    </groups>
    <test started-at="2019-08-23T06:24:12Z" name="Default test" finished-at="2019-08-23T06:24:17Z" duration-ms="5454">
      <class name="ConfigurationDemo.TestSelenium">
        <test-method is-config="true" signature="setUp()[pri:0, instance:ConfigurationDemo.TestSelenium@7c0c77c7]" started-at="2019-08-23T06:24:12Z" name="setUp" finished-at="2019-08-23T06:24:12Z" duration-ms="15" status="PASS">
          <reporter-output>
          </reporter-output>
        </test-method> <!-- setUp -->
        <test-method signature="testConfig()[pri:0, instance:ConfigurationDemo.TestSelenium@7c0c77c7]" started-at="2019-08-23T06:24:12Z" name="testConfig" finished-at="2019-08-23T06:24:17Z" duration-ms="5370" status="PASS">
          <reporter-output>
          </reporter-output>
        </test-method> <!-- testConfig -->
      </class> <!-- ConfigurationDemo.TestSelenium -->
    </test> <!-- Default test -->
  </suite> <!-- Default suite -->
</testng-results>
